<?xml version="1.0" encoding="UTF-8"?>
<!-- Generated by org.testng.reporters.JUnitReportReporter -->
<testsuite hostname="DESKTOP-B3MBNG3" failures="0" tests="1" name="uk.brentwood.test.ganesh.testRunners.TestNGTest" time="19.651" errors="0" timestamp="2021-10-21T20:24:47 BST" skipped="0">
  <testcase classname="uk.brentwood.test.ganesh.testRunners.TestNGTest" name="runScenario" time="19.651"/>
  <system-out/>
</testsuite> <!-- uk.brentwood.test.ganesh.testRunners.TestNGTest -->
